<?xml version="1.0" encoding="UTF-8"?>
<testsuite xmlns:xsi="http://www.w3.org/2001/XMLSchema-instance" xsi:noNamespaceSchemaLocation="https://maven.apache.org/surefire/maven-surefire-plugin/xsd/surefire-test-report.xsd" name="com.ujun.AppTest" time="0.072" tests="1" errors="0" skipped="0" failures="0">
  <properties>
    <property name="java.specification.version" value="19"/>
    <property name="sun.cpu.isalist" value="amd64"/>
    <property name="sun.jnu.encoding" value="Cp1252"/>
    <property name="java.class.path" value="C:\UJUN\Latian ngoding\Java\Maven\belajar-apache-maven\belajar-apache-maven-app\target\test-classes;C:\UJUN\Latian ngoding\Java\Maven\belajar-apache-maven\belajar-apache-maven-app\target\classes;C:\UJUN\Latian ngoding\Java\Maven\belajar-apache-maven\belajar-apache-maven-data\target\belajar-apache-maven-data-1.0-SNAPSHOT.jar;C:\Users\abdwa\.m2\repository\junit\junit\4.13.2\junit-4.13.2.jar;C:\Users\abdwa\.m2\repository\org\hamcrest\hamcrest-core\1.3\hamcrest-core-1.3.jar;C:\Users\abdwa\.m2\repository\com\google\code\gson\gson\2.10.1\gson-2.10.1.jar;"/>
    <property name="java.vm.vendor" value="Oracle Corporation"/>
    <property name="sun.arch.data.model" value="64"/>
    <property name="user.variant" value=""/>
    <property name="java.vendor.url" value="https://java.oracle.com/"/>
    <property name="user.timezone" value="Asia/Makassar"/>
    <property name="os.name" value="Windows 11"/>
    <property name="java.vm.specification.version" value="19"/>
    <property name="sun.java.launcher" value="SUN_STANDARD"/>
    <property name="user.country" value="ID"/>
    <property name="sun.boot.library.path" value="C:\Program Files\Java\jdk-19\bin"/>
    <property name="sun.java.command" value="C:\Users\abdwa\AppData\Local\Temp\surefire9973226854792285879\surefirebooter799666452527790846.jar C:\Users\abdwa\AppData\Local\Temp\surefire9973226854792285879 2023-08-10T01-03-02_204-jvmRun1 surefire14827042185266373895tmp surefire_014612488992059864766tmp"/>
    <property name="jdk.debug" value="release"/>
    <property name="surefire.test.class.path" value="C:\UJUN\Latian ngoding\Java\Maven\belajar-apache-maven\belajar-apache-maven-app\target\test-classes;C:\UJUN\Latian ngoding\Java\Maven\belajar-apache-maven\belajar-apache-maven-app\target\classes;C:\UJUN\Latian ngoding\Java\Maven\belajar-apache-maven\belajar-apache-maven-data\target\belajar-apache-maven-data-1.0-SNAPSHOT.jar;C:\Users\abdwa\.m2\repository\junit\junit\4.13.2\junit-4.13.2.jar;C:\Users\abdwa\.m2\repository\org\hamcrest\hamcrest-core\1.3\hamcrest-core-1.3.jar;C:\Users\abdwa\.m2\repository\com\google\code\gson\gson\2.10.1\gson-2.10.1.jar;"/>
    <property name="sun.cpu.endian" value="little"/>
    <property name="user.home" value="C:\Users\abdwa"/>
    <property name="user.language" value="id"/>
    <property name="java.specification.vendor" value="Oracle Corporation"/>
    <property name="java.version.date" value="2023-01-17"/>
    <property name="java.home" value="C:\Program Files\Java\jdk-19"/>
    <property name="file.separator" value="\"/>
    <property name="basedir" value="C:\UJUN\Latian ngoding\Java\Maven\belajar-apache-maven\belajar-apache-maven-app"/>
    <property name="java.vm.compressedOopsMode" value="32-bit"/>
    <property name="line.separator" value="&#10;"/>
    <property name="java.vm.specification.vendor" value="Oracle Corporation"/>
    <property name="java.specification.name" value="Java Platform API Specification"/>
    <property name="surefire.real.class.path" value="C:\Users\abdwa\AppData\Local\Temp\surefire9973226854792285879\surefirebooter799666452527790846.jar"/>
    <property name="user.script" value=""/>
    <property name="sun.management.compiler" value="HotSpot 64-Bit Tiered Compilers"/>
    <property name="java.runtime.version" value="19.0.2+7-44"/>
    <property name="user.name" value="HP-ENVY"/>
    <property name="stdout.encoding" value="Cp1252"/>
    <property name="path.separator" value=";"/>
    <property name="os.version" value="10.0"/>
    <property name="java.runtime.name" value="Java(TM) SE Runtime Environment"/>
    <property name="file.encoding" value="UTF-8"/>
    <property name="java.vm.name" value="Java HotSpot(TM) 64-Bit Server VM"/>
    <property name="localRepository" value="C:\Users\abdwa\.m2\repository"/>
    <property name="java.vendor.url.bug" value="https://bugreport.java.com/bugreport/"/>
    <property name="java.io.tmpdir" value="C:\Users\abdwa\AppData\Local\Temp\"/>
    <property name="java.version" value="19.0.2"/>
    <property name="user.dir" value="C:\UJUN\Latian ngoding\Java\Maven\belajar-apache-maven\belajar-apache-maven-app"/>
    <property name="os.arch" value="amd64"/>
    <property name="java.vm.specification.name" value="Java Virtual Machine Specification"/>
    <property name="user.language.format" value="en"/>
    <property name="sun.os.patch.level" value=""/>
    <property name="native.encoding" value="Cp1252"/>
    <property name="java.library.path" value="C:\Program Files\Java\jdk-19\bin;C:\WINDOWS\Sun\Java\bin;C:\WINDOWS\system32;C:\WINDOWS;C:\Program Files\mingw64\bin;C:\Program Files\Java\jdk-19\bin;C:\Program Files (x86)\Embarcadero\Studio\21.0\bin;C:\Users\Public\Documents\Embarcadero\Studio\21.0\Bpl;C:\Program Files (x86)\Embarcadero\Studio\21.0\bin64;C:\Users\Public\Documents\Embarcadero\Studio\21.0\Bpl\Win64;C:\Program Files\Common Files\Oracle\Java\javapath;C:\Program Files\Python311\Scripts\;C:\Program Files\Python311\;C:\WINDOWS\system32;C:\WINDOWS;C:\WINDOWS\System32\Wbem;C:\WINDOWS\System32\WindowsPowerShell\v1.0\;C:\WINDOWS\System32\OpenSSH\;C:\Program Files\nodejs\;C:\FPC\3.2.2\bin\i386-Win32;C:\Program Files\dotnet\;C:\xampp\mysql\bin;C:\xampp\php;C:\src\flutter\bin;C:\src\flutter\bin\cache\dart-sdk\bin;C:\Program Files\Git\bin;C:\Program Files\Microsoft Visual Studio\2022\Community\VC\Tools\MSVC\14.34.31933\bin\Hostx64\x64;C:\Program Files\apache-maven\apache-maven-3.9.4\bin;C:\Users\abdwa\AppData\Local\Microsoft\WindowsApps;C:\Users\abdwa\AppData\Local\Programs\Microsoft VS Code\bin;C:\Users\abdwa\AppData\Roaming\npm;C:\Program Files\Python311\Scripts;C:\Users\abdwa\.dotnet\tools;."/>
    <property name="java.vm.info" value="mixed mode, sharing"/>
    <property name="stderr.encoding" value="Cp1252"/>
    <property name="java.vendor" value="Oracle Corporation"/>
    <property name="java.vm.version" value="19.0.2+7-44"/>
    <property name="sun.io.unicode.encoding" value="UnicodeLittle"/>
    <property name="java.class.version" value="63.0"/>
  </properties>
  <testcase name="shouldAnswerWithTrue" classname="com.ujun.AppTest" time="0.005"/>
</testsuite>